<?xml version="1.0" encoding="UTF-8"?>
<testsuite name="demo.qa.TextBoksFullfillFormTest" tests="1" skipped="0" failures="0" errors="0" timestamp="2024-07-30T21:33:39" hostname="MacBook-Pro-Elon.local" time="10.567">
  <properties/>
  <testcase name="FullFillForm()" classname="demo.qa.TextBoksFullfillFormTest" time="10.567"/>
  <system-out><![CDATA[Test is done
]]></system-out>
  <system-err><![CDATA[SLF4J(W): No SLF4J providers were found.
SLF4J(W): Defaulting to no-operation (NOP) logger implementation
SLF4J(W): See https://www.slf4j.org/codes.html#noProviders for further details.
июл. 30, 2024 11:33:44 PM org.openqa.selenium.devtools.CdpVersionFinder findNearestMatch
WARNING: Unable to find an exact match for CDP version 127, returning the closest version; found: 126; Please update to a Selenium version that supports CDP version 127
]]></system-err>
</testsuite>
